<?xml version="1.0" encoding="UTF-8"?>
<testng-results skipped="0" failed="1" ignored="0" total="2" passed="1">
  <reporter-output>
  </reporter-output>
  <suite name="FunctionalTesting" duration-ms="260035" started-at="2020-02-26T12:43:12Z" finished-at="2020-02-26T12:47:32Z">
    <groups>
    </groups>
    <test name="ChromeBrowser" duration-ms="260035" started-at="2020-02-26T12:43:12Z" finished-at="2020-02-26T12:47:32Z">
      <class name="com.accordion.testcases.TC01verifyDefaultMessageOnContentAdmin">
        <test-method status="PASS" signature="setApplication()[pri:0, instance:com.accordion.testcases.TC01verifyDefaultMessageOnContentAdmin@1a968a59]" name="setApplication" is-config="true" duration-ms="38197" started-at="2020-02-26T12:43:12Z" finished-at="2020-02-26T12:43:50Z">
          <reporter-output>
          </reporter-output>
        </test-method> <!-- setApplication -->
        <test-method status="PASS" signature="verifyDefualtMsgOnContentAdminTC01()[pri:1, instance:com.accordion.testcases.TC01verifyDefaultMessageOnContentAdmin@1a968a59]" name="verifyDefualtMsgOnContentAdminTC01" duration-ms="923" started-at="2020-02-26T12:43:50Z" finished-at="2020-02-26T12:43:51Z">
          <reporter-output>
          </reporter-output>
        </test-method> <!-- verifyDefualtMsgOnContentAdminTC01 -->
        <test-method status="PASS" signature="closetest()[pri:0, instance:com.accordion.testcases.TC01verifyDefaultMessageOnContentAdmin@1a968a59]" name="closetest" is-config="true" duration-ms="4093" started-at="2020-02-26T12:47:28Z" finished-at="2020-02-26T12:47:32Z">
          <reporter-output>
          </reporter-output>
        </test-method> <!-- closetest -->
      </class> <!-- com.accordion.testcases.TC01verifyDefaultMessageOnContentAdmin -->
      <class name="com.accordion.testcases.TC37AddCheckSavedDataOnOtherTabsAndPreview">
        <test-method status="FAIL" signature="AddCheckSavedDataOnOtherTabsAndPreviewTC37()[pri:27, instance:com.accordion.testcases.TC37AddCheckSavedDataOnOtherTabsAndPreview@4667ae56]" name="AddCheckSavedDataOnOtherTabsAndPreviewTC37" duration-ms="216273" started-at="2020-02-26T12:43:51Z" finished-at="2020-02-26T12:47:28Z">
          <exception class="org.openqa.selenium.ElementNotInteractableException">
            <message>
              <![CDATA[element not interactable
  (Session info: chrome=80.0.3987.122)
Build info: version: '3.11.0', revision: 'e59cfb3', time: '2018-03-11T20:26:55.152Z'
System info: host: 'NGSLAPTOP23', ip: '172.24.32.166', os.name: 'Windows 10', os.arch: 'amd64', os.version: '10.0', java.version: '1.8.0_171'
Driver info: org.openqa.selenium.chrome.ChromeDriver
Capabilities {acceptInsecureCerts: false, browserName: chrome, browserVersion: 80.0.3987.122, chrome: {chromedriverVersion: 80.0.3987.16 (320f6526c1632..., userDataDir: C:\Users\cdurai50\AppData\L...}, goog:chromeOptions: {debuggerAddress: localhost:49548}, javascriptEnabled: true, networkConnectionEnabled: false, pageLoadStrategy: normal, platform: WINDOWS, platformName: WINDOWS, proxy: Proxy(), setWindowRect: true, strictFileInteractability: false, timeouts: {implicit: 0, pageLoad: 300000, script: 30000}, unhandledPromptBehavior: dismiss and notify}
Session ID: bbace5f7b51cdd62a630c47445fd29e8]]>
            </message>
            <full-stacktrace>
              <![CDATA[org.openqa.selenium.ElementNotInteractableException: element not interactable
  (Session info: chrome=80.0.3987.122)
Build info: version: '3.11.0', revision: 'e59cfb3', time: '2018-03-11T20:26:55.152Z'
System info: host: 'NGSLAPTOP23', ip: '172.24.32.166', os.name: 'Windows 10', os.arch: 'amd64', os.version: '10.0', java.version: '1.8.0_171'
Driver info: org.openqa.selenium.chrome.ChromeDriver
Capabilities {acceptInsecureCerts: false, browserName: chrome, browserVersion: 80.0.3987.122, chrome: {chromedriverVersion: 80.0.3987.16 (320f6526c1632..., userDataDir: C:\Users\cdurai50\AppData\L...}, goog:chromeOptions: {debuggerAddress: localhost:49548}, javascriptEnabled: true, networkConnectionEnabled: false, pageLoadStrategy: normal, platform: WINDOWS, platformName: WINDOWS, proxy: Proxy(), setWindowRect: true, strictFileInteractability: false, timeouts: {implicit: 0, pageLoad: 300000, script: 30000}, unhandledPromptBehavior: dismiss and notify}
Session ID: bbace5f7b51cdd62a630c47445fd29e8
at sun.reflect.NativeConstructorAccessorImpl.newInstance0(Native Method)
at sun.reflect.NativeConstructorAccessorImpl.newInstance(Unknown Source)
at sun.reflect.DelegatingConstructorAccessorImpl.newInstance(Unknown Source)
at java.lang.reflect.Constructor.newInstance(Unknown Source)
at org.openqa.selenium.remote.http.W3CHttpResponseCodec.createException(W3CHttpResponseCodec.java:187)
at org.openqa.selenium.remote.http.W3CHttpResponseCodec.decode(W3CHttpResponseCodec.java:122)
at org.openqa.selenium.remote.http.W3CHttpResponseCodec.decode(W3CHttpResponseCodec.java:49)
at org.openqa.selenium.remote.HttpCommandExecutor.execute(HttpCommandExecutor.java:158)
at org.openqa.selenium.remote.service.DriverCommandExecutor.execute(DriverCommandExecutor.java:83)
at org.openqa.selenium.remote.RemoteWebDriver.execute(RemoteWebDriver.java:545)
at org.openqa.selenium.remote.RemoteWebElement.execute(RemoteWebElement.java:279)
at org.openqa.selenium.remote.RemoteWebElement.sendKeys(RemoteWebElement.java:100)
at Accordion.Accordion.addTab.additem(addTab.java:156)
at com.accordion.testcases.TC37AddCheckSavedDataOnOtherTabsAndPreview.AddCheckSavedDataOnOtherTabsAndPreviewTC37(TC37AddCheckSavedDataOnOtherTabsAndPreview.java:31)
at sun.reflect.NativeMethodAccessorImpl.invoke0(Native Method)
at sun.reflect.NativeMethodAccessorImpl.invoke(Unknown Source)
at sun.reflect.DelegatingMethodAccessorImpl.invoke(Unknown Source)
at java.lang.reflect.Method.invoke(Unknown Source)
at org.testng.internal.MethodInvocationHelper.invokeMethod(MethodInvocationHelper.java:124)
at org.testng.internal.Invoker.invokeMethod(Invoker.java:580)
at org.testng.internal.Invoker.invokeTestMethod(Invoker.java:716)
at org.testng.internal.Invoker.invokeTestMethods(Invoker.java:988)
at org.testng.internal.TestMethodWorker.invokeTestMethods(TestMethodWorker.java:125)
at org.testng.internal.TestMethodWorker.run(TestMethodWorker.java:109)
at org.testng.TestRunner.privateRun(TestRunner.java:648)
at org.testng.TestRunner.run(TestRunner.java:505)
at org.testng.SuiteRunner.runTest(SuiteRunner.java:455)
at org.testng.SuiteRunner.runSequentially(SuiteRunner.java:450)
at org.testng.SuiteRunner.privateRun(SuiteRunner.java:415)
at org.testng.SuiteRunner.run(SuiteRunner.java:364)
at org.testng.SuiteRunnerWorker.runSuite(SuiteRunnerWorker.java:52)
at org.testng.SuiteRunnerWorker.run(SuiteRunnerWorker.java:84)
at org.testng.TestNG.runSuitesSequentially(TestNG.java:1208)
at org.testng.TestNG.runSuitesLocally(TestNG.java:1137)
at org.testng.TestNG.runSuites(TestNG.java:1049)
at org.testng.TestNG.run(TestNG.java:1017)
at org.testng.remote.AbstractRemoteTestNG.run(AbstractRemoteTestNG.java:114)
at org.testng.remote.RemoteTestNG.initAndRun(RemoteTestNG.java:251)
at org.testng.remote.RemoteTestNG.main(RemoteTestNG.java:77)
]]>
            </full-stacktrace>
          </exception> <!-- org.openqa.selenium.ElementNotInteractableException -->
          <reporter-output>
          </reporter-output>
        </test-method> <!-- AddCheckSavedDataOnOtherTabsAndPreviewTC37 -->
      </class> <!-- com.accordion.testcases.TC37AddCheckSavedDataOnOtherTabsAndPreview -->
    </test> <!-- ChromeBrowser -->
  </suite> <!-- FunctionalTesting -->
</testng-results>
