<?xml version="1.0" encoding="UTF-8"?>
<!-- Generated by org.testng.reporters.JUnitXMLReporter -->
<testsuite hostname="NGSLAPTOP23" ignored="0" name="exampletest1" tests="3" failures="0" timestamp="02 Jan 2020 11:18:24 GMT" time="65.504" errors="0">
  <testcase name="verifywebPartDefualtMsgOnContentAdmin" time="5.336" classname="com.accordion.testcases.TC01"/>
  <testcase name="verifyMenu" time="6.269" classname="com.accordion.testcases.TC03"/>
  <testcase name="verifyHelpWizard" time="5.256" classname="com.accordion.testcases.TC04"/>
</testsuite> <!-- exampletest1 -->
