<?xml version="1.0" encoding="UTF-8"?>
<!-- Generated by org.testng.reporters.JUnitXMLReporter -->
<testsuite hostname="NGSLAPTOP23" ignored="0" name="Webpart" tests="6" failures="0" timestamp="03 Jan 2020 06:14:14 GMT" time="93.886" errors="0">
  <testcase name="verifyDefualtMsgOnContentAdminTC01" time="6.283" classname="com.accordion.testcases.TC01"/>
  <testcase name="verifyMenuTC03" time="3.429" classname="com.accordion.testcases.TC03"/>
  <testcase name="verifyHelpWizardTC04" time="5.399" classname="com.accordion.testcases.TC04"/>
  <testcase name="verifyWizardTC05" time="11.732" classname="com.accordion.testcases.TC05"/>
  <testcase name="verifyWizardTabsTC06" time="16.598" classname="com.accordion.testcases.TC06"/>
  <testcase name="verifWizardCloseMarkTC07" time="3.12" classname="com.accordion.testcases.TC07"/>
</testsuite> <!-- Webpart -->
